{
  "RSpec": {
    "coverage": {
      "/opt/app/app/jobs/report_critical_job.rb": {
        "lines": [
          1,
          1,
          null,
          1,
          12,
          12,
          12,
          null,
          null
        ]
      },
      "/opt/app/app/jobs/application_job.rb": {
        "lines": [
          1,
          null,
          null,
          null,
          null,
          null,
          null
        ]
      },
      "/opt/app/app/jobs/report_example_job.rb": {
        "lines": [
          1,
          1,
          null,
          1,
          12,
          12,
          12,
          null,
          null
        ]
      },
      "/opt/app/app/models/report.rb": {
        "lines": [
          1,
          1,
          1,
          1,
          1,
          null,
          1,
          86,
          89,
          89,
          null,
          86,
          null,
          null
        ]
      },
      "/opt/app/app/services/async_report_generator.rb": {
        "lines": [
          1,
          1,
          6,
          6,
          6,
          null,
          null
        ]
      },
      "/opt/app/app/services/critical_report_generator.rb": {
        "lines": [
          1,
          1,
          13,
          null,
          13,
          13,
          13,
          13,
          13,
          13,
          null,
          null,
          1,
          15,
          15,
          15,
          null,
          null
        ]
      },
      "/opt/app/app/services/default_report_generator.rb": {
        "lines": [
          1,
          1,
          13,
          null,
          13,
          13,
          13,
          13,
          13,
          13,
          null,
          null,
          1,
          15,
          15,
          15,
          null,
          null
        ]
      },
      "/opt/app/app/services/file_manager.rb": {
        "lines": [
          1,
          1,
          null,
          1,
          49,
          49,
          49,
          49,
          49,
          null,
          null,
          1,
          36,
          36,
          null,
          null,
          1,
          6,
          null,
          null,
          1,
          2,
          8,
          null,
          null
        ]
      },
      "/opt/app/app/services/folder_manager.rb": {
        "lines": [
          1,
          1,
          55,
          55,
          55,
          null,
          null,
          1,
          104,
          104,
          null,
          null
        ]
      },
      "/opt/app/app/services/low_report_generator.rb": {
        "lines": [
          1,
          1,
          13,
          13,
          13,
          13,
          13,
          null,
          null
        ]
      },
      "/opt/app/app/services/report_content_manager.rb": {
        "lines": [
          1,
          1,
          null,
          null,
          1,
          1,
          null,
          1,
          51,
          51,
          51,
          null,
          null,
          1,
          39,
          39,
          null,
          39,
          null,
          null,
          1,
          null,
          1,
          42,
          null,
          null,
          1,
          41,
          null,
          null,
          1,
          42,
          null,
          null
        ]
      },
      "/opt/app/app/workers/report_low_priority_worker.rb": {
        "lines": [
          1,
          1,
          1,
          null,
          1,
          12,
          12,
          12,
          null,
          null
        ]
      },
      "/opt/app/app/controllers/home_controller.rb": {
        "lines": [
          1,
          1,
          null
        ]
      },
      "/opt/app/app/controllers/application_controller.rb": {
        "lines": [
          1,
          null
        ]
      },
      "/opt/app/app/controllers/reports_controller.rb": {
        "lines": [
          1,
          1,
          1,
          null,
          1,
          3,
          3,
          null,
          null,
          1,
          3,
          3,
          3,
          3,
          null,
          null,
          1,
          1,
          1,
          1,
          null,
          null,
          1,
          null,
          1,
          19,
          19,
          19,
          19,
          null,
          null
        ]
      }
    },
    "timestamp": 1641590158
  }
}
