{
  "RSpec": {
    "coverage": {
      "/opt/app/app/jobs/report_critical_job.rb": {
        "lines": [
          1,
          1,
          null,
          1,
          2,
          2,
          2,
          null,
          null
        ]
      },
      "/opt/app/app/jobs/application_job.rb": {
        "lines": [
          1,
          null,
          null,
          null,
          null,
          null,
          null
        ]
      },
      "/opt/app/app/jobs/report_example_job.rb": {
        "lines": [
          1,
          1,
          null,
          1,
          6,
          6,
          6,
          null,
          null
        ]
      },
      "/opt/app/app/models/report.rb": {
        "lines": [
          1,
          1,
          1,
          1,
          null,
          1,
          3,
          3,
          3,
          null,
          null,
          1,
          51,
          54,
          54,
          null,
          51,
          null,
          null
        ]
      },
      "/opt/app/app/services/create_folder.rb": {
        "lines": [
          1,
          1,
          31,
          31,
          31,
          null,
          null,
          1,
          56,
          56,
          null,
          null
        ]
      },
      "/opt/app/app/services/fill_critical_report.rb": {
        "lines": [
          1,
          1,
          4,
          4,
          4,
          4,
          4,
          4,
          null,
          null,
          1,
          6,
          6,
          null,
          null
        ]
      },
      "/opt/app/app/services/fill_default_report.rb": {
        "lines": [
          1,
          1,
          8,
          8,
          8,
          8,
          8,
          8,
          null,
          null,
          1,
          10,
          10,
          null,
          null
        ]
      },
      "/opt/app/app/services/fill_low_report.rb": {
        "lines": [
          1,
          1,
          8,
          8,
          8,
          8,
          null,
          null
        ]
      },
      "/opt/app/app/services/generate_file.rb": {
        "lines": [
          1,
          1,
          null,
          1,
          23,
          23,
          23,
          23,
          23,
          null,
          null,
          1,
          13,
          null,
          null
        ]
      },
      "/opt/app/app/services/manage_report.rb": {
        "lines": [
          1,
          1,
          null,
          null,
          1,
          null,
          1,
          20,
          20,
          20,
          null,
          null,
          1,
          13,
          13,
          null,
          null,
          1,
          2,
          null,
          null,
          1,
          1,
          1,
          1,
          null,
          null,
          1,
          null,
          1,
          15,
          null,
          null,
          1,
          15,
          null,
          null
        ]
      },
      "/opt/app/app/workers/report_low_priority_worker.rb": {
        "lines": [
          1,
          1,
          1,
          null,
          1,
          6,
          6,
          6,
          null,
          null
        ]
      },
      "/opt/app/app/controllers/home_controller.rb": {
        "lines": [
          1,
          1,
          null
        ]
      },
      "/opt/app/app/controllers/application_controller.rb": {
        "lines": [
          1,
          null
        ]
      },
      "/opt/app/app/controllers/reports_controller.rb": {
        "lines": [
          1,
          1,
          1,
          null,
          1,
          1,
          1,
          null,
          null,
          1,
          2,
          2,
          2,
          2,
          null,
          null,
          1,
          1,
          1,
          1,
          null,
          null,
          1,
          null,
          1,
          11,
          11,
          11,
          11,
          null,
          null
        ]
      }
    },
    "timestamp": 1641517949
  }
}
